Determining if the pthread_create exist failed with the following output:
Change Dir: /home/pi/rtsp/jthread-1.3.3/CMakeFiles/CMakeTmp

Run Build Command:"/usr/bin/make" "cmTC_87d9f/fast"
/usr/bin/make -f CMakeFiles/cmTC_87d9f.dir/build.make CMakeFiles/cmTC_87d9f.dir/build
make[1]: Entering directory '/home/pi/rtsp/jthread-1.3.3/CMakeFiles/CMakeTmp'
Building C object CMakeFiles/cmTC_87d9f.dir/CheckSymbolExists.c.o
/usr/bin/cc     -o CMakeFiles/cmTC_87d9f.dir/CheckSymbolExists.c.o   -c /home/pi/rtsp/jthread-1.3.3/CMakeFiles/CMakeTmp/CheckSymbolExists.c
Linking C executable cmTC_87d9f
/usr/bin/cmake -E cmake_link_script CMakeFiles/cmTC_87d9f.dir/link.txt --verbose=1
/usr/bin/cc       CMakeFiles/cmTC_87d9f.dir/CheckSymbolExists.c.o  -o cmTC_87d9f -rdynamic 
CMakeFiles/cmTC_87d9f.dir/CheckSymbolExists.c.o：在函数‘main’中：
CheckSymbolExists.c:(.text+0x38)：对‘pthread_create’未定义的引用
collect2: error: ld returned 1 exit status
CMakeFiles/cmTC_87d9f.dir/build.make:97: recipe for target 'cmTC_87d9f' failed
make[1]: *** [cmTC_87d9f] Error 1
make[1]: Leaving directory '/home/pi/rtsp/jthread-1.3.3/CMakeFiles/CMakeTmp'
Makefile:126: recipe for target 'cmTC_87d9f/fast' failed
make: *** [cmTC_87d9f/fast] Error 2

File /home/pi/rtsp/jthread-1.3.3/CMakeFiles/CMakeTmp/CheckSymbolExists.c:
/* */
#include <pthread.h>

int main(int argc, char** argv)
{
  (void)argv;
#ifndef pthread_create
  return ((int*)(&pthread_create))[argc];
#else
  (void)argc;
  return 0;
#endif
}

Determining if the function pthread_create exists in the pthreads failed with the following output:
Change Dir: /home/pi/rtsp/jthread-1.3.3/CMakeFiles/CMakeTmp

Run Build Command:"/usr/bin/make" "cmTC_4927c/fast"
/usr/bin/make -f CMakeFiles/cmTC_4927c.dir/build.make CMakeFiles/cmTC_4927c.dir/build
make[1]: Entering directory '/home/pi/rtsp/jthread-1.3.3/CMakeFiles/CMakeTmp'
Building C object CMakeFiles/cmTC_4927c.dir/CheckFunctionExists.c.o
/usr/bin/cc    -DCHECK_FUNCTION_EXISTS=pthread_create   -o CMakeFiles/cmTC_4927c.dir/CheckFunctionExists.c.o   -c /usr/share/cmake-3.6/Modules/CheckFunctionExists.c
Linking C executable cmTC_4927c
/usr/bin/cmake -E cmake_link_script CMakeFiles/cmTC_4927c.dir/link.txt --verbose=1
/usr/bin/cc   -DCHECK_FUNCTION_EXISTS=pthread_create    CMakeFiles/cmTC_4927c.dir/CheckFunctionExists.c.o  -o cmTC_4927c -rdynamic -lpthreads 
/usr/bin/ld: cannot find -lpthreads
collect2: error: ld returned 1 exit status
CMakeFiles/cmTC_4927c.dir/build.make:97: recipe for target 'cmTC_4927c' failed
make[1]: *** [cmTC_4927c] Error 1
make[1]: Leaving directory '/home/pi/rtsp/jthread-1.3.3/CMakeFiles/CMakeTmp'
Makefile:126: recipe for target 'cmTC_4927c/fast' failed
make: *** [cmTC_4927c/fast] Error 2


